Gateway trace: span:  2021-12-24 18:23:55,540 INFO  [background-preinit] (Version.<clinit>:21 ) - HV000001: Hibernate Validator 6.2.0.Final
Gateway trace: span:  2021-12-24 18:23:55,738 INFO  [restartedMain] (GatewayApp.logStarting:55 ) - Starting GatewayApp using Java 11.0.9.1 on aas-unix with PID 877934 (/media/anshuman/Files and Backup/workspace/spring/gateway-multi-project/gateway/build/classes/java/main started by anshuman in /media/anshuman/Files and Backup/workspace/spring/gateway-multi-project)
Gateway trace: span:  2021-12-24 18:23:55,739 DEBUG [restartedMain] (GatewayApp.logStarting:56 ) - Running with Spring Boot v2.5.4, Spring v5.3.9
Gateway trace: span:  2021-12-24 18:23:55,740 INFO  [restartedMain] (GatewayApp.logStartupProfileInfo:659 ) - No active profile set, falling back to default profiles: default
Gateway trace: span:  2021-12-24 18:23:55,944 INFO  [restartedMain] (DevToolsPropertyDefaultsPostProcessor.logTo:255 ) - Devtools property defaults active! Set 'spring.devtools.add-properties' to 'false' to disable
Gateway trace: span:  2021-12-24 18:23:55,945 INFO  [restartedMain] (DevToolsPropertyDefaultsPostProcessor.logTo:255 ) - For additional web related logging consider setting the 'logging.level.web' property to 'DEBUG'
Gateway trace: span:  2021-12-24 18:23:58,971 INFO  [restartedMain] (GenericScope.setSerializationId:283 ) - BeanFactory id=b51fd474-cb80-3166-9ae3-de241bf85f99
Gateway trace: span:  2021-12-24 18:24:01,396 DEBUG [restartedMain] (GatewayProperties.setRoutes:78 ) - Routes supplied from Gateway Properties: [RouteDefinition{id='microservice_route', predicates=[PredicateDefinition{name='Path', args={_genkey_0=/ms/**}}], filters=[FilterDefinition{name='RewritePath', args={_genkey_0=/ms/(?<segment>.*), _genkey_1=/$\{segment}}}], uri=http://localhost:9001, order=0, metadata={}}]
Gateway trace: span:  2021-12-24 18:24:02,205 INFO  [restartedMain] (RouteDefinitionRouteLocator.lambda$initFactories$1:88 ) - Loaded RoutePredicateFactory [After]
Gateway trace: span:  2021-12-24 18:24:02,205 INFO  [restartedMain] (RouteDefinitionRouteLocator.lambda$initFactories$1:88 ) - Loaded RoutePredicateFactory [Before]
Gateway trace: span:  2021-12-24 18:24:02,205 INFO  [restartedMain] (RouteDefinitionRouteLocator.lambda$initFactories$1:88 ) - Loaded RoutePredicateFactory [Between]
Gateway trace: span:  2021-12-24 18:24:02,206 INFO  [restartedMain] (RouteDefinitionRouteLocator.lambda$initFactories$1:88 ) - Loaded RoutePredicateFactory [Cookie]
Gateway trace: span:  2021-12-24 18:24:02,206 INFO  [restartedMain] (RouteDefinitionRouteLocator.lambda$initFactories$1:88 ) - Loaded RoutePredicateFactory [Header]
Gateway trace: span:  2021-12-24 18:24:02,206 INFO  [restartedMain] (RouteDefinitionRouteLocator.lambda$initFactories$1:88 ) - Loaded RoutePredicateFactory [Host]
Gateway trace: span:  2021-12-24 18:24:02,206 INFO  [restartedMain] (RouteDefinitionRouteLocator.lambda$initFactories$1:88 ) - Loaded RoutePredicateFactory [Method]
Gateway trace: span:  2021-12-24 18:24:02,206 INFO  [restartedMain] (RouteDefinitionRouteLocator.lambda$initFactories$1:88 ) - Loaded RoutePredicateFactory [Path]
Gateway trace: span:  2021-12-24 18:24:02,206 INFO  [restartedMain] (RouteDefinitionRouteLocator.lambda$initFactories$1:88 ) - Loaded RoutePredicateFactory [Query]
Gateway trace: span:  2021-12-24 18:24:02,206 INFO  [restartedMain] (RouteDefinitionRouteLocator.lambda$initFactories$1:88 ) - Loaded RoutePredicateFactory [ReadBody]
Gateway trace: span:  2021-12-24 18:24:02,207 INFO  [restartedMain] (RouteDefinitionRouteLocator.lambda$initFactories$1:88 ) - Loaded RoutePredicateFactory [RemoteAddr]
Gateway trace: span:  2021-12-24 18:24:02,207 INFO  [restartedMain] (RouteDefinitionRouteLocator.lambda$initFactories$1:88 ) - Loaded RoutePredicateFactory [Weight]
Gateway trace: span:  2021-12-24 18:24:02,207 INFO  [restartedMain] (RouteDefinitionRouteLocator.lambda$initFactories$1:88 ) - Loaded RoutePredicateFactory [CloudFoundryRouteService]
Gateway trace: span:  2021-12-24 18:24:03,337 INFO  [restartedMain] (EndpointLinksResolver.<init>:58 ) - Exposing 4 endpoint(s) beneath base path '/actuator'
Gateway trace: span:  2021-12-24 18:24:04,346 INFO  [restartedMain] (OptionalLiveReloadServer.startServer:58 ) - LiveReload server is running on port 35729
Gateway trace: span:  2021-12-24 18:24:04,916 INFO  [restartedMain] (NettyWebServer.start:111 ) - Netty started on port 9000
Gateway trace: span:  2021-12-24 18:24:05,197 DEBUG [restartedMain] (RouteDefinitionRouteLocator.lookup:206 ) - RouteDefinition microservice_route applying {_genkey_0=/ms/**} to Path
Gateway trace: span:  2021-12-24 18:24:05,430 DEBUG [restartedMain] (RouteDefinitionRouteLocator.loadGatewayFilters:133 ) - RouteDefinition microservice_route applying filter {_genkey_0=/ms/(?<segment>.*), _genkey_1=/$\{segment}} to RewritePath
Gateway trace: span:  2021-12-24 18:24:05,453 DEBUG [restartedMain] (RouteDefinitionRouteLocator.lambda$getRoutes$3:109 ) - RouteDefinition matched: microservice_route
Gateway trace: span:  2021-12-24 18:24:05,490 INFO  [restartedMain] (GatewayApp.logStarted:61 ) - Started GatewayApp in 11.13 seconds (JVM running for 14.223)
Gateway trace: span:  2021-12-24 18:24:05,504 INFO  [restartedMain] (GatewayApp.run:23 ) - App Name: Gateway
Gateway trace:5a78fcce8116e5a5 span:5a78fcce8116e5a5  2021-12-24 18:24:11,488 INFO  [reactor-http-epoll-2] (SleuthFeaturesController.helloSleuthAsync:30 ) - Before Async Method Call
Gateway trace:5a78fcce8116e5a5 span:5a78fcce8116e5a5  2021-12-24 18:24:11,498 INFO  [reactor-http-epoll-2] (SleuthFeaturesController.helloSleuthAsync:32 ) - After Async Method Call
Gateway trace:5a78fcce8116e5a5 span:7247a2bcf557dbff  2021-12-24 18:24:11,531 INFO  [CustomTaskExecutor1] (SleuthFeaturesService.asyncMethod:38 ) - Start Async Method
Gateway trace:5a78fcce8116e5a5 span:7247a2bcf557dbff  2021-12-24 18:24:12,532 INFO  [CustomTaskExecutor1] (SleuthFeaturesService.asyncMethod:42 ) - End Async Method
Gateway trace:b190a29489c96c3e span:b190a29489c96c3e  2021-12-24 18:26:12,568 INFO  [reactor-http-epoll-2] (SleuthFeaturesService.newThread:21 ) - New Thread
Gateway trace:b190a29489c96c3e span:b190a29489c96c3e  2021-12-24 18:26:12,569 INFO  [reactor-http-epoll-2] (SleuthFeaturesService.newThread:32 ) - I'm done - with the original span
Gateway trace:b190a29489c96c3e span:0eb603eda25a8ec1  2021-12-24 18:26:13,570 INFO  [CustomTaskExecutor2] (SleuthFeaturesService.lambda$newThread$0:28 ) - I'm inside the new thread - with a new span
Gateway trace:5ac736857a450c13 span:5ac736857a450c13  2021-12-24 18:40:00,281 DEBUG [reactor-http-epoll-3] (RoutePredicateHandlerMapping.lambda$lookupRoute$6:141 ) - Route matched: microservice_route
Gateway trace:5ac736857a450c13 span:5ac736857a450c13  2021-12-24 18:40:00,285 DEBUG [reactor-http-epoll-3] (RoutePredicateHandlerMapping.lambda$getHandlerInternal$0:89 ) - Mapping [Exchange: GET http://localhost:9000/ms/test] to Route{id='microservice_route', uri=http://localhost:9001, order=0, predicate=Paths: [/ms/**], match trailing slash: true, gatewayFilters=[[[RewritePath /ms/(?<segment>.*) = '/${segment}'], order = 1]], metadata={}}
Gateway trace:5ac736857a450c13 span:5ac736857a450c13  2021-12-24 18:40:00,285 DEBUG [reactor-http-epoll-3] (RoutePredicateHandlerMapping.lambda$getHandler$1:189 ) - [5e447cc0-2] Mapped to org.springframework.cloud.gateway.handler.FilteringWebHandler@1aaca579
Gateway trace:5ac736857a450c13 span:5ac736857a450c13  2021-12-24 18:40:00,286 DEBUG [reactor-http-epoll-3] (FilteringWebHandler.handle:85 ) - Sorted gatewayFilterFactories: [[GatewayFilterAdapter{delegate=org.springframework.cloud.gateway.filter.RemoveCachedBodyFilter@4e85d8ab}, order = -2147483648], [GatewayFilterAdapter{delegate=org.springframework.cloud.gateway.filter.AdaptCachedBodyGlobalFilter@203d72a0}, order = -2147482648], [GatewayFilterAdapter{delegate=org.springframework.cloud.gateway.filter.NettyWriteResponseFilter@59fab876}, order = -1], [GatewayFilterAdapter{delegate=org.springframework.cloud.gateway.filter.ForwardPathFilter@63190c76}, order = 0], [GatewayFilterAdapter{delegate=org.springframework.cloud.gateway.filter.GatewayMetricsFilter@3ee2a1eb}, order = 0], [[RewritePath /ms/(?<segment>.*) = '/${segment}'], order = 1], [GatewayFilterAdapter{delegate=org.springframework.cloud.gateway.filter.RouteToRequestUrlFilter@601bafb5}, order = 10000], [GatewayFilterAdapter{delegate=org.springframework.cloud.gateway.config.GatewayNoLoadBalancerClientAutoConfiguration$NoLoadBalancerClientFilter@30c75512}, order = 10150], [GatewayFilterAdapter{delegate=org.springframework.cloud.gateway.filter.WebsocketRoutingFilter@339d03e}, order = 2147483646], [GatewayFilterAdapter{delegate=org.springframework.cloud.gateway.filter.NettyRoutingFilter@16e32b60}, order = 2147483647], [GatewayFilterAdapter{delegate=org.springframework.cloud.gateway.filter.ForwardRoutingFilter@6fac30fd}, order = 2147483647]]
Gateway trace: span:  2021-12-24 18:40:00,423 DEBUG [reactor-http-epoll-3] (HttpClientConnect.debug:250 ) - [id:1ff078dc-1, L:/127.0.0.1:46160 - R:localhost/127.0.0.1:9001] Handler is being applied: {uri=http://localhost:9001/test, method=GET}
Gateway trace: span:  2021-12-24 18:40:00,443 DEBUG [reactor-http-epoll-3] (HttpClientOperations.debug:250 ) - [id:1ff078dc-1, L:/127.0.0.1:46160 - R:localhost/127.0.0.1:9001] Received response (auto-read:false) : [Content-Type=text/html;charset=UTF-8, content-length=21]
Gateway trace: span:  2021-12-24 18:40:00,452 DEBUG [reactor-http-epoll-3] (HttpClientOperations.debug:245 ) - [id:1ff078dc-1, L:/127.0.0.1:46160 - R:localhost/127.0.0.1:9001] Received last HTTP packet
